make all --print-data-base --no-builtin-variables --no-builtin-rules --question
make: *** No rule to make target 'all'.  Stop.

# GNU Make 4.2.1
# Built for x86_64-pc-linux-gnu
# Copyright (C) 1988-2016 Free Software Foundation, Inc.
# License GPLv3+: GNU GPL version 3 or later <http://gnu.org/licenses/gpl.html>
# This is free software: you are free to change and redistribute it.
# There is NO WARRANTY, to the extent permitted by law.

# Make data base, printed on Sat Jul  9 02:26:36 2022

# Variables

# 'override' directive
GNUMAKEFLAGS := 
# automatic
<D = $(patsubst %/,%,$(dir $<))
# automatic
?F = $(notdir $?)
# environment
DESKTOP_SESSION = i3
# default
.SHELLFLAGS := -c
# environment
XDG_SESSION_CLASS = user
# environment
SNAP_COMMON = /var/snap/code/common
# environment
XDG_SESSION_TYPE = x11
# environment
CALIBRE_USE_DARK_PALETTE = 1
# automatic
?D = $(patsubst %/,%,$(dir $?))
# automatic
@D = $(patsubst %/,%,$(dir $@))
# environment
XAUTHORITY = /run/user/1000/gdm/Xauthority
# environment
GDMSESSION = i3
# default
MAKE_VERSION := 4.2.1
# makefile
CURDIR := /home/paddy/Code/ml/siMpLOps
# makefile (from 'Makefile', line 2)
SHELL := /bin/bash
# environment
SNAP_DATA = /var/snap/code/100
# environment
VSCODE_NLS_CONFIG = {"locale":"en-gb","availableLanguages":{},"_languagePackSupport":true}
# environment
XDG_CONFIG_DIRS = /etc/xdg/xdg-i3:/etc/xdg
# environment
SNAP_INSTANCE_NAME = code
# environment
SNAP_ARCH = amd64
# makefile (from 'Makefile', line 1)
MAKEFILE_LIST :=  Makefile
# automatic
@F = $(notdir $@)
# environment
USERNAME = paddy
# environment
MANDATORY_PATH = /usr/share/gconf/i3.mandatory.path
# environment
XDG_DATA_DIRS = /usr/share/i3:/usr/local/share/:/usr/share/:/var/lib/snapd/desktop
# environment
DBUS_SESSION_BUS_ADDRESS = unix:path=/run/user/1000/bus
# environment
VSCODE_CWD = /home/paddy
# environment
GSETTINGS_SCHEMA_DIR = /snap/code/100/usr/share/glib-2.0/schemas
# default
MAKE_HOST := x86_64-pc-linux-gnu
# environment
PATH = /home/paddy/.local/bin:/usr/local/sbin:/usr/local/bin:/usr/sbin:/usr/bin:/sbin:/bin:/usr/games:/usr/local/games:/snap/bin:/usr/local/go/bin:/home/paddy/go/bin
# environment
GPG_AGENT_INFO = /run/user/1000/gnupg/S.gpg-agent:0:1
# environment
XDG_RUNTIME_DIR = /run/user/1000
# environment
GDK_PIXBUF_MODULE_FILE = /home/paddy/snap/code/common/.cache/gdk-pixbuf-loaders.cache
# environment
SNAP = /snap/code/100
# environment
GOPATH = /home/paddy/go
# environment
SNAP_VERSION = 92d25e35
# environment
DISABLE_WAYLAND = 1
# environment
ELECTRON_RUN_AS_NODE = 1
# environment
GDK_PIXBUF_MODULEDIR = /snap/code/100/usr/lib/x86_64-linux-gnu/gdk-pixbuf-2.0/2.10.0/loaders
# default
.FEATURES := target-specific order-only second-expansion else-if shortest-stem undefine oneshell archives jobserver output-sync check-symlink load
# environment
XDG_SESSION_DESKTOP = i3
# environment
SSH_AUTH_SOCK = /tmp/ssh-oVmGiQKXPyEt/agent.2862
# automatic
%F = $(notdir $%)
# environment
DISPLAY = :1
# environment
SNAP_INSTANCE_KEY = 
# environment
PWD = /home/paddy/Code/ml/siMpLOps
# environment
QT_QPA_PLATFORMTHEME = gtk2
# default
.LOADED := 
# environment
XDG_SEAT = seat0
# environment
SSH_AGENT_PID = 2928
# environment
ORIGINAL_XDG_CURRENT_DESKTOP = i3
# environment
GTK_MODULES = gail:atk-bridge
# environment
VSCODE_AMD_ENTRYPOINT = vs/workbench/api/node/extensionHostProcess
# environment
HOME = /home/paddy
# environment
VSCODE_CLI = 1
# environment
VSCODE_CODE_CACHE_PATH = /home/paddy/.config/Code/CachedData/92d25e35d9bf1a6b16f7d0758f25d48ace11e5b9
# environment
LOGNAME = paddy
# environment
APPLICATION_INSIGHTS_NO_DIAGNOSTIC_CHANNEL = 1
# environment
SNAP_LIBRARY_PATH = /var/lib/snapd/lib/gl:/var/lib/snapd/lib/gl32:/var/lib/snapd/void
# environment
SNAP_CONTEXT = mz5OO1yHWH61-4KxKEjqxPOwAJ_hZblbyDkUTO3EeoCyvNAUtMoR
# environment
ELECTRON_NO_ATTACH_CONSOLE = 1
# environment
SNAP_USER_COMMON = /home/paddy/snap/code/common
# environment
VSCODE_HANDLES_UNCAUGHT_ERRORS = true
# automatic
^D = $(patsubst %/,%,$(dir $^))
# environment
XDG_VTNR = 2
# environment
MAKELEVEL := 0
# environment
SNAP_REAL_HOME = /home/paddy
# default
MAKE = $(MAKE_COMMAND)
# default
MAKECMDGOALS := all
# environment
SNAP_USER_DATA = /home/paddy/snap/code/100
# environment
SHLVL = 0
# environment
XDG_SESSION_ID = 3
# environment
USER = paddy
# environment
SNAP_REVISION = 100
# makefile
.DEFAULT_GOAL := run
# environment
XDG_CURRENT_DESKTOP = i3
# automatic
%D = $(patsubst %/,%,$(dir $%))
# environment
I3SOCK = /run/user/1000/i3/ipc-socket.2862
# default
MAKE_COMMAND := make
# default
.VARIABLES := 
# automatic
*F = $(notdir $*)
# environment
LANGUAGE = en_IN:en
# environment
VSCODE_IPC_HOOK = /run/user/1000/vscode-b1eebd9a-1.69.0-main.sock
# makefile
MAKEFLAGS = pqrR
# environment
MFLAGS = -pqrR
# automatic
*D = $(patsubst %/,%,$(dir $*))
# automatic
+D = $(patsubst %/,%,$(dir $+))
# environment
GDK_BACKEND = x11
# automatic
+F = $(notdir $+)
# environment
QT_ACCESSIBILITY = 1
# environment
DEFAULTS_PATH = /usr/share/gconf/i3.default.path
# default
MAKEFILES := 
# environment
SNAP_COOKIE = mz5OO1yHWH61-4KxKEjqxPOwAJ_hZblbyDkUTO3EeoCyvNAUtMoR
# automatic
<F = $(notdir $<)
# environment
SNAP_NAME = code
# environment
LC_ALL = C
# automatic
^F = $(notdir $^)
# default
SUFFIXES := 
# environment
SNAP_REEXEC = 
# environment
CHROME_DESKTOP = code-url-handler.desktop
# environment
WINDOWPATH = 2
# default
.INCLUDE_DIRS = /usr/include /usr/local/include /usr/include
# default
.RECIPEPREFIX := 
# environment
LANG = C
# environment
VSCODE_PID = 3611
# variable set hash-table stats:
# Load=106/1024=10%, Rehash=0, Collisions=15/132=11%

# Pattern-specific Variable Values

# No pattern-specific variable values.

# Directories

# . (device 2050, inode 25560877): 12 files, no impossibilities.

# 12 files, no impossibilities in 1 directories.

# Implicit Rules

# No implicit rules.

# Files

.ONESHELL:
#  Implicit rule search has not been done.
#  Modification time never checked.
#  File has not been updated.

# Not a target:
all:
#  Command line target.
#  Implicit rule search has been done.
#  File does not exist.
#  File has not been updated.

# Not a target:
Makefile:
#  Implicit rule search has been done.
#  Last modified 2022-05-14 23:42:41.913129686
#  File has been updated.
#  Successfully updated.

test:
#  Implicit rule search has not been done.
#  Modification time never checked.
#  File has not been updated.
#  recipe to execute (from 'Makefile', line 9):
	source venv/bin/activate && \
	# run some command

# Not a target:
.DEFAULT:
#  Implicit rule search has not been done.
#  Modification time never checked.
#  File has not been updated.

run:
#  Implicit rule search has not been done.
#  Modification time never checked.
#  File has not been updated.
#  recipe to execute (from 'Makefile', line 5):
	source venv/bin/activate && \
	# run some command

venv:
#  Implicit rule search has not been done.
#  Modification time never checked.
#  File has not been updated.
#  recipe to execute (from 'Makefile', line 17):
	python3 -m pip install --upgrade pip
	python3 -m pip install -U virtualenv
	python3 -m virtualenv venv
	chmod +x venv/bin/activate
	make install

install:
#  Implicit rule search has not been done.
#  Modification time never checked.
#  File has not been updated.
#  recipe to execute (from 'Makefile', line 13):
	source venv/bin/activate && \
	python -m pip install -r requirements.txt

# files hash-table stats:
# Load=9/1024=1%, Rehash=0, Collisions=0/19=0%
# VPATH Search Paths

# No 'vpath' search paths.

# No general ('VPATH' variable) search path.

# strcache buffers: 1 (0) / strings = 21 / storage = 170 B / avg = 8 B
# current buf: size = 8162 B / used = 170 B / count = 21 / avg = 8 B

# strcache performance: lookups = 31 / hit rate = 32%
# hash-table stats:
 
# Load=21/8192=0%, Rehash=0, Collisions=2/31=6%
# Finished Make data base on Sat Jul  9 02:26:36 2022

 
